<?xml version="1.0" encoding="UTF-8"?>
<testng-results skipped="0" failed="0" ignored="0" total="1" passed="1">
  <reporter-output>
  </reporter-output>
  <suite name="Default suite" duration-ms="9486" started-at="2018-07-03T06:26:13Z" finished-at="2018-07-03T06:26:22Z">
    <groups>
    </groups>
    <test name="Default test" duration-ms="9486" started-at="2018-07-03T06:26:13Z" finished-at="2018-07-03T06:26:22Z">
      <class name="selenium.Newtest2">
        <test-method status="PASS" signature="testGitHubLogin()[pri:0, instance:selenium.Newtest2@475530b9]" name="testGitHubLogin" duration-ms="9452" started-at="2018-07-03T06:26:13Z" finished-at="2018-07-03T06:26:22Z">
          <reporter-output>
          </reporter-output>
        </test-method> <!-- testGitHubLogin -->
      </class> <!-- selenium.Newtest2 -->
    </test> <!-- Default test -->
  </suite> <!-- Default suite -->
</testng-results>
